<?xml version="1.0" encoding="UTF-8"?>
<testng-results skipped="0" failed="1" ignored="0" total="1" passed="0">
  <reporter-output>
    <line>
      <![CDATA[Expected Result is: http://www.facebook.com/nopCommerce. And the Actual Result is:https://www.facebook.com/login/?next=https%3A%2F%2Fwww.facebook.com%2FnopCommerce
]]>
    </line>
    <line>
      <![CDATA[Expected Result is: http://twitter.com/nopCommerce. And the Actual Result is:https://twitter.com/nopCommerce
]]>
    </line>
    <line>
      <![CDATA[Expected Result is: https://www.youtube.com/user/nopCommerce. And the Actual Result is:https://www.youtube.com/user/nopCommerce
]]>
    </line>
  </reporter-output>
  <suite name="Default suite" duration-ms="15337" started-at="2021-02-03T17:02:10Z" finished-at="2021-02-03T17:02:25Z">
    <groups>
    </groups>
    <test name="Default test" duration-ms="15337" started-at="2021-02-03T17:02:10Z" finished-at="2021-02-03T17:02:25Z">
      <class name="com.UIAutomationFinalProjectV2.UIAutomationFinalProjectV2.SocialLinksTest">
        <test-method status="PASS" signature="beforeTest()[pri:0, instance:com.UIAutomationFinalProjectV2.UIAutomationFinalProjectV2.SocialLinksTest@59f99ea]" name="beforeTest" is-config="true" duration-ms="6102" started-at="2021-02-03T17:02:10Z" finished-at="2021-02-03T17:02:16Z">
          <reporter-output>
          </reporter-output>
        </test-method> <!-- beforeTest -->
        <test-method status="FAIL" signature="Test()[pri:0, instance:com.UIAutomationFinalProjectV2.UIAutomationFinalProjectV2.SocialLinksTest@59f99ea]" name="Test" duration-ms="7979" started-at="2021-02-03T17:02:16Z" finished-at="2021-02-03T17:02:24Z">
          <exception class="org.openqa.selenium.NoSuchWindowException">
            <message>
              <![CDATA[no such window: target window already closed
from unknown error: web view not found
  (Session info: chrome=88.0.4324.104)
Build info: version: '3.141.59', revision: 'e82be7d358', time: '2018-11-14T08:17:03'
System info: host: 'ITCL0VRNR', ip: '192.168.1.7', os.name: 'Windows 10', os.arch: 'amd64', os.version: '10.0', java.version: '1.8.0_231'
Driver info: org.openqa.selenium.chrome.ChromeDriver
Capabilities {acceptInsecureCerts: false, browserName: chrome, browserVersion: 88.0.4324.104, chrome: {chromedriverVersion: 88.0.4324.96 (68dba2d8a0b14..., userDataDir: C:\Users\V18NHA~1.VF-\AppDa...}, goog:chromeOptions: {debuggerAddress: localhost:54445}, javascriptEnabled: true, networkConnectionEnabled: false, pageLoadStrategy: normal, platform: WINDOWS, platformName: WINDOWS, proxy: Proxy(), setWindowRect: true, strictFileInteractability: false, timeouts: {implicit: 0, pageLoad: 300000, script: 30000}, unhandledPromptBehavior: dismiss and notify, webauthn:extension:largeBlob: true, webauthn:virtualAuthenticators: true}
Session ID: 093b146fc472e45a9a065362c8d3e6f4]]>
            </message>
            <full-stacktrace>
              <![CDATA[org.openqa.selenium.NoSuchWindowException: no such window: target window already closed
from unknown error: web view not found
  (Session info: chrome=88.0.4324.104)
Build info: version: '3.141.59', revision: 'e82be7d358', time: '2018-11-14T08:17:03'
System info: host: 'ITCL0VRNR', ip: '192.168.1.7', os.name: 'Windows 10', os.arch: 'amd64', os.version: '10.0', java.version: '1.8.0_231'
Driver info: org.openqa.selenium.chrome.ChromeDriver
Capabilities {acceptInsecureCerts: false, browserName: chrome, browserVersion: 88.0.4324.104, chrome: {chromedriverVersion: 88.0.4324.96 (68dba2d8a0b14..., userDataDir: C:\Users\V18NHA~1.VF-\AppDa...}, goog:chromeOptions: {debuggerAddress: localhost:54445}, javascriptEnabled: true, networkConnectionEnabled: false, pageLoadStrategy: normal, platform: WINDOWS, platformName: WINDOWS, proxy: Proxy(), setWindowRect: true, strictFileInteractability: false, timeouts: {implicit: 0, pageLoad: 300000, script: 30000}, unhandledPromptBehavior: dismiss and notify, webauthn:extension:largeBlob: true, webauthn:virtualAuthenticators: true}
Session ID: 093b146fc472e45a9a065362c8d3e6f4
at sun.reflect.NativeConstructorAccessorImpl.newInstance0(Native Method)
at sun.reflect.NativeConstructorAccessorImpl.newInstance(Unknown Source)
at sun.reflect.DelegatingConstructorAccessorImpl.newInstance(Unknown Source)
at java.lang.reflect.Constructor.newInstance(Unknown Source)
at org.openqa.selenium.remote.http.W3CHttpResponseCodec.createException(W3CHttpResponseCodec.java:187)
at org.openqa.selenium.remote.http.W3CHttpResponseCodec.decode(W3CHttpResponseCodec.java:122)
at org.openqa.selenium.remote.http.W3CHttpResponseCodec.decode(W3CHttpResponseCodec.java:49)
at org.openqa.selenium.remote.HttpCommandExecutor.execute(HttpCommandExecutor.java:158)
at org.openqa.selenium.remote.service.DriverCommandExecutor.execute(DriverCommandExecutor.java:83)
at org.openqa.selenium.remote.RemoteWebDriver.execute(RemoteWebDriver.java:552)
at org.openqa.selenium.remote.RemoteWebDriver.execute(RemoteWebDriver.java:609)
at org.openqa.selenium.remote.RemoteWebDriver.getCurrentUrl(RemoteWebDriver.java:287)
at com.UIAutomationFinalProjectV2.UIAutomationFinalProjectV2.SocialLinksTest.Test(SocialLinksTest.java:54)
at sun.reflect.NativeMethodAccessorImpl.invoke0(Native Method)
at sun.reflect.NativeMethodAccessorImpl.invoke(Unknown Source)
at sun.reflect.DelegatingMethodAccessorImpl.invoke(Unknown Source)
at java.lang.reflect.Method.invoke(Unknown Source)
at org.testng.internal.MethodInvocationHelper.invokeMethod(MethodInvocationHelper.java:124)
at org.testng.internal.Invoker.invokeMethod(Invoker.java:583)
at org.testng.internal.Invoker.invokeTestMethod(Invoker.java:719)
at org.testng.internal.Invoker.invokeTestMethods(Invoker.java:989)
at org.testng.internal.TestMethodWorker.invokeTestMethods(TestMethodWorker.java:125)
at org.testng.internal.TestMethodWorker.run(TestMethodWorker.java:109)
at org.testng.TestRunner.privateRun(TestRunner.java:648)
at org.testng.TestRunner.run(TestRunner.java:505)
at org.testng.SuiteRunner.runTest(SuiteRunner.java:455)
at org.testng.SuiteRunner.runSequentially(SuiteRunner.java:450)
at org.testng.SuiteRunner.privateRun(SuiteRunner.java:415)
at org.testng.SuiteRunner.run(SuiteRunner.java:364)
at org.testng.SuiteRunnerWorker.runSuite(SuiteRunnerWorker.java:52)
at org.testng.SuiteRunnerWorker.run(SuiteRunnerWorker.java:84)
at org.testng.TestNG.runSuitesSequentially(TestNG.java:1208)
at org.testng.TestNG.runSuitesLocally(TestNG.java:1137)
at org.testng.TestNG.runSuites(TestNG.java:1049)
at org.testng.TestNG.run(TestNG.java:1017)
at org.testng.remote.AbstractRemoteTestNG.run(AbstractRemoteTestNG.java:114)
at org.testng.remote.RemoteTestNG.initAndRun(RemoteTestNG.java:251)
at org.testng.remote.RemoteTestNG.main(RemoteTestNG.java:77)
]]>
            </full-stacktrace>
          </exception> <!-- org.openqa.selenium.NoSuchWindowException -->
          <reporter-output>
            <line>
              <![CDATA[Expected Result is: http://www.facebook.com/nopCommerce. And the Actual Result is:https://www.facebook.com/login/?next=https%3A%2F%2Fwww.facebook.com%2FnopCommerce
]]>
            </line>
            <line>
              <![CDATA[Expected Result is: http://twitter.com/nopCommerce. And the Actual Result is:https://twitter.com/nopCommerce
]]>
            </line>
            <line>
              <![CDATA[Expected Result is: https://www.youtube.com/user/nopCommerce. And the Actual Result is:https://www.youtube.com/user/nopCommerce
]]>
            </line>
          </reporter-output>
        </test-method> <!-- Test -->
        <test-method status="PASS" signature="afterTest()[pri:0, instance:com.UIAutomationFinalProjectV2.UIAutomationFinalProjectV2.SocialLinksTest@59f99ea]" name="afterTest" is-config="true" duration-ms="1230" started-at="2021-02-03T17:02:24Z" finished-at="2021-02-03T17:02:25Z">
          <reporter-output>
          </reporter-output>
        </test-method> <!-- afterTest -->
      </class> <!-- com.UIAutomationFinalProjectV2.UIAutomationFinalProjectV2.SocialLinksTest -->
    </test> <!-- Default test -->
  </suite> <!-- Default suite -->
</testng-results>
